<?xml version="1.0" encoding="UTF-8"?><testsuite errors="1" failures="0" name="BrowserStack Local Testing" skipped="0" tests="1" time="1.88" timestamp="2017-10-276 09:17:16"><testcase name="Can check tunnel working"><error message="Could not instantiate class net.thucydides.core.webdriver.ProvidedDriver" type="net.thucydides.core.webdriver.UnsupportedDriverException">Could not instantiate class net.thucydides.core.webdriver.ProvidedDriver</error><system-err>Could not instantiate class net.thucydides.core.webdriver.ProvidedDriver&#13;
com.browserstack.cucumber.steps.LocalCheckSteps.matchTitle(LocalCheckSteps.java:16)&#13;
</system-err></testcase></testsuite>